2020-09-18 12:56:47:5647 info: API server started on: 3000
2020-09-18 20:04:55:455 info: API server started on: 3000
2020-09-18 20:08:31:831 info: API server started on: 3000
2020-09-18 20:08:47:847 info: API server started on: 3000
2020-09-18 20:09:17:917 info: API server started on: 3000
2020-09-18 20:09:29:929 info: API server started OKAY: 3000
2020-09-18 20:09:32:932 info: API server started on: 3000
2020-09-18 20:10:22:1022 info: API server started on: 3000
2020-09-18 20:10:37:1037 info: API server started on: 3000
2020-09-18 20:10:40:1040 info: API server started on: 3000
2020-09-18 20:10:41:1041 info: API server started on: 3000
2020-09-18 21:10:38:1038 info: API server started on: 3000
2020-09-18 21:11:04:114 info: API server started on: 3000
2020-09-18 21:11:57:1157 info: API server started on: 3000
2020-09-18 21:12:01:121 debug: GETTING THE HEALTHCHECK
2020-09-18 21:20:18:2018 info: API server started on: 3000
2020-09-18 21:20:36:2036 info: API server started on: 3000
2020-09-18 21:22:47:2247 info: API server started on: 3000
2020-09-18 21:24:17:2417 info: API server started on: 3000
2020-09-18 21:25:10:2510 info: API server started on: 3000
2020-09-18 21:26:02:262 info: API server started on: 3000
2020-09-18 21:27:51:2751 info: API server started on: 3000
2020-09-18 21:28:15:2815 info: API server started on: 3000
2020-09-18 21:28:20:2820 info: API server started on: 3000
2020-09-18 21:28:43:2843 info: API server started on: 3000
2020-09-18 21:29:17:2917 info: API server started on: 3000
2020-09-18 21:29:22:2922 info: API server started on: 3000
2020-09-18 21:29:38:2938 info: API server started on: 3000
2020-09-18 21:29:45:2945 info: HERE
2020-09-18 21:29:57:2957 info: API server started on: 3000
2020-09-18 21:30:12:3012 info: HERE
2020-09-18 21:31:01:311 info: API server started on: 3000
2020-09-18 21:31:04:314 info: HERE
2020-09-18 21:31:12:3112 info: API server started on: 3000
2020-09-18 21:31:14:3114 info: HERE
2020-09-18 21:31:21:3121 info: API server started on: 3000
2020-09-18 21:31:26:3126 info: API server started on: 3000
2020-09-18 21:31:31:3131 info: API server started on: 3000
2020-09-18 21:33:28:3328 info: API server started on: 3000
2020-09-18 21:35:38:3538 info: API server started on: 3000
2020-09-18 22:42:26:4226 info: API server started on: 3000
2020-09-18 22:44:53:4453 info: API server started on: 3000
2020-09-18 23:00:11:011 info: API server started on: 3000
2020-09-18 23:00:23:023 info: API server started on: 3000
2020-09-18 23:00:56:056 info: API server started on: 3000
2020-09-18 23:01:37:137 info: API server started on: 3000
2020-09-18 23:02:03:23 info: API server started on: 3000
2020-09-18 23:02:49:249 info: API server started on: 3000
2020-09-18 16:03:07:37 info: API server started on: 3000
2020-09-18 16:03:27:327 info: API server started on: 3000
2020-09-18 16:04:32:432 info: API server started on: 3000
2020-09-18 16:05:08:58 info: API server started on: 3000
2020-09-18 16:05:13:513 info: API server started on: 3000
2020-09-18 16:05:49:549 info: API server started on: 3000
2020-09-18 16:05:52:552 info: API server started on: 3000
2020-09-18 16:09:48:948 info: API server started on: 3000
2020-09-18 16:09:58:958 info: API server started on: 3000
2020-09-18 16:10:55:1055 info: API server started on: 3000
2020-09-18 16:10:57:1057 info: API server started on: 3000
2020-09-18 16:11:03:113 info: API server started on: 3000
2020-09-18 16:12:37:1237 info: API server started on: 3000
2020-09-18 16:12:38:1238 info: API server started on: 3000
2020-09-18 16:12:56:1256 info: API server started on: 3000
2020-09-18 16:13:06:136 info: API server started on: 3000
2020-09-18 16:13:06:136 info: API server started on: 3000
2020-09-18 16:13:08:138 info: API server started on: 3000
2020-09-18 16:13:18:1318 info: API server started on: 3000
2020-09-18 16:13:50:1350 info: API server started on: 3000
2020-09-18 16:13:53:1353 debug: 1
2020-09-18 16:14:45:1445 info: API server started on: 3000
2020-09-18 16:14:46:1446 info: API server started on: 3000
2020-09-18 16:14:47:1447 info: API server started on: 3000
2020-09-18 16:14:58:1458 info: API server started on: 3000
2020-09-18 16:15:00:150 debug: 1
2020-09-18 16:15:04:154 debug: 1
2020-09-18 16:15:26:1526 debug: 1
2020-09-18 16:15:27:1527 debug: 1
2020-09-18 23:18:13:1813 info: API server started on: 3000
2020-09-18 23:18:28:1828 debug: 1
2020-09-18 23:18:59:1859 info: API server started on: 3000
2020-09-18 23:19:12:1912 info: API server started on: 3000
2020-09-18 23:19:15:1915 info: API server started on: 3000
2020-09-18 23:19:16:1916 debug: 1
2020-09-18 23:19:25:1925 info: API server started on: 3000
2020-09-18 23:19:26:1926 debug: 1
2020-09-18 23:19:31:1931 info: API server started on: 3000
2020-09-18 23:19:34:1934 debug: 1
2020-09-18 23:19:48:1948 info: API server started on: 3000
2020-09-18 23:19:50:1950 debug: 1
2020-09-18 23:19:58:1958 info: API server started on: 3000
2020-09-18 23:20:02:202 info: API server started on: 3000
2020-09-18 23:22:04:224 info: API server started on: 3000
2020-09-18 23:22:38:2238 info: API server started on: 3000
2020-09-18 23:23:40:2340 info: API server started on: 3000
2020-09-18 23:23:41:2341 debug: 1
2020-09-18 23:24:07:247 info: API server started on: 3000
2020-09-18 23:24:09:249 debug: 1
2020-09-18 23:39:53:3953 info: API server started on: 3000
2020-09-18 23:39:56:3956 debug: 1
2020-09-18 23:40:23:4023 info: API server started on: 3000
2020-09-18 23:40:25:4025 debug: 1
2020-09-18 23:40:56:4056 info: API server started on: 3000
2020-09-18 23:40:57:4057 debug: 1
2020-09-18 23:42:24:4224 info: API server started on: 3000
2020-09-18 23:42:32:4232 info: API server started on: 3000
2020-09-18 23:42:43:4243 info: API server started on: 3000
2020-09-18 23:42:45:4245 info: API server started on: 3000
2020-09-18 23:42:49:4249 info: API server started on: 3000
2020-09-18 23:42:49:4249 debug: 1
2020-09-18 23:42:58:4258 info: API server started on: 3000
2020-09-18 23:43:00:430 debug: 1
2020-09-18 23:43:23:4323 info: API server started on: 3000
2020-09-18 23:43:25:4325 info: API server started on: 3000
2020-09-18 23:43:29:4329 debug: 1
2020-09-18 23:43:29:4329 error: Vehicle id: 123 not found.
2020-09-18 23:43:43:4343 info: API server started on: 3000
2020-09-18 23:43:45:4345 info: API server started on: 3000
2020-09-18 23:43:54:4354 info: API server started on: 3000
2020-09-18 23:43:55:4355 error: Vehicle id: 123 not found.
2020-09-18 23:45:46:4546 info: API server started on: 3000
2020-09-18 23:47:23:4723 info: API server started on: 3000
2020-09-18 23:47:28:4728 info: API server started on: 3000
2020-09-18 23:48:06:486 error: Vehicle id: 123 not found.
2020-09-18 23:51:41:5141 info: API server started on: 3000
2020-09-18 23:51:45:5145 info: API server started on: 3000
2020-09-18 23:52:07:527 info: API server started on: 3000
2020-09-18 23:52:17:5217 info: API server started on: 3000
2020-09-18 23:52:18:5218 info: API server started on: 3000
2020-09-18 23:52:22:5222 error: Vehicle id: 123 not found.
2020-09-18 23:52:22:5222 error: Unable to get the response from GM
2020-09-18 23:52:22:5222 error: Internal Server Error
2020-09-18 23:52:55:5255 info: API server started on: 3000
2020-09-18 23:53:00:530 error: Vehicle id: 123 not found.
2020-09-18 23:53:23:5323 info: API server started on: 3000
2020-09-18 23:53:24:5324 error: Vehicle id: 123 not found.
2020-09-18 23:55:25:5525 info: API server started on: 3000
2020-09-18 23:55:46:5546 info: API server started on: 3000
2020-09-18 23:55:58:5558 info: API server started on: 3000
2020-09-18 23:58:23:5823 info: API server started on: 3000
2020-09-18 23:58:48:5848 info: API server started on: 3000
2020-09-18 23:59:08:598 info: API server started on: 3000
2020-09-18 23:59:17:5917 info: API server started on: 3000
2020-09-19 00:00:40:040 info: API server started on: 3000
2020-09-19 00:00:52:052 info: API server started on: 3000
2020-09-19 00:01:56:156 info: API server started on: 3000
2020-09-19 00:02:15:215 info: API server started on: 3000
2020-09-19 00:02:44:244 info: API server started on: 3000
2020-09-19 00:02:56:256 info: API server started on: 3000
